Running: E:\ProgramFiles\14.7\ISE_DS\ISE\bin\nt64\unwrapped\fuse.exe -intstyle ise -incremental -o E:/ProgramFiles/xiling/proyectoElectro1/proyecto1electro/proyectoTB_isim_beh.exe -prj E:/ProgramFiles/xiling/proyectoElectro1/proyecto1electro/proyectoTB_beh.prj work.proyectoTB 
ISim P.20131013 (signature 0x7708f090)
Number of CPUs detected in this system: 12
Turning on mult-threading, number of parallel sub-compilation jobs: 24 
Determining compilation order of HDL files
Parsing VHDL file "E:/ProgramFiles/xiling/proyectoElectro1/proyecto1electro/CircuitoSumaResta.vhd" into library work
Parsing VHDL file "E:/ProgramFiles/xiling/proyectoElectro1/proyecto1electro/proyectoTB.vhd" into library work
Starting static elaboration
Completed static elaboration
Compiling package standard
Compiling package std_logic_1164
Compiling package std_logic_arith
Compiling package std_logic_unsigned
Compiling architecture behavioral of entity CircuitoSumaResta [circuitosumaresta_default]
Compiling architecture behavior of entity proyectotb
Time Resolution for simulation is 1ps.
Compiled 7 VHDL Units
Built simulation executable E:/ProgramFiles/xiling/proyectoElectro1/proyecto1electro/proyectoTB_isim_beh.exe
Fuse Memory Usage: 33592 KB
Fuse CPU Usage: 577 ms
