Command line:
   proyectoTB_isim_beh.exe
     -simmode  gui
     -simrunnum  0
     -socket  50278

Wed Nov 27 14:54:07 2019


 Elaboration Time: 0.046875 sec

 Current Memory Usage: 5160.82 Meg

 Total Signals          : 10
 Total Nets             : 15
 Total Signal Drivers   : 5
 Total Blocks           : 5
 Total Primitive Blocks : 4
 Total Processes        : 2
 Total Traceable Variables  : 10
 Total Scalar Nets and Variables : 393
Total Line Count : 24

 Total Simulation Time: 0.0625 sec

 Current Memory Usage: 5003.53 Meg

Wed Nov 27 14:55:23 2019

